<?xml version="1.0" encoding="UTF-8"?>
<!-- Generated by org.testng.reporters.JUnitXMLReporter -->
<testsuite ignored="0" hostname="user-PC" failures="0" tests="6" name=" candidates Test" time="0.147" errors="0" timestamp="2024-02-17T12:54:30 IST">
  <testcase classname="base.BaseTest" name="@BeforeSuite launchBrowser" time="2.279">
    <failure type="org.openqa.selenium.SessionNotCreatedException" message="Could not start a new session. Possible causes are invalid address of the remote server or browser start-up failure. 
Host info: host: &amp;apos;USER-PC&amp;apos;, ip: &amp;apos;192.168.1.2&amp;apos;">
      <![CDATA[org.openqa.selenium.SessionNotCreatedException: Could not start a new session. Possible causes are invalid address of the remote server or browser start-up failure. 
Host info: host: 'USER-PC', ip: '192.168.1.2'
at org.openqa.selenium.remote.RemoteWebDriver.execute(RemoteWebDriver.java:537)
at org.openqa.selenium.remote.RemoteWebDriver.startSession(RemoteWebDriver.java:233)
at org.openqa.selenium.remote.RemoteWebDriver.<init>(RemoteWebDriver.java:162)
at org.openqa.selenium.chromium.ChromiumDriver.<init>(ChromiumDriver.java:114)
at org.openqa.selenium.chrome.ChromeDriver.<init>(ChromeDriver.java:89)
at org.openqa.selenium.chrome.ChromeDriver.<init>(ChromeDriver.java:84)
at org.openqa.selenium.chrome.ChromeDriver.<init>(ChromeDriver.java:52)
at base.BaseTest.launchBrowser(BaseTest.java:49)
Caused by: org.openqa.selenium.WebDriverException: Driver server process died prematurely.
Build info: version: '4.17.0', revision: 'e52b1be057*'
System info: os.name: 'Windows 7', os.arch: 'amd64', os.version: '6.1', java.version: '18.0.1'
Driver info: driver.version: ChromeDriver
at org.openqa.selenium.remote.service.DriverService.start(DriverService.java:247)
at org.openqa.selenium.remote.service.DriverCommandExecutor.execute(DriverCommandExecutor.java:117)
at org.openqa.selenium.remote.RemoteWebDriver.execute(RemoteWebDriver.java:519)
... 24 more
... Removed 17 stack frames]]>
    </failure>
  </testcase> <!-- @BeforeSuite launchBrowser -->
  <testcase classname="testcases.Recruitment_candidates_page" name="movetoCandidate" time="0.0">
    <skipped/>
  </testcase> <!-- movetoCandidate -->
  <testcase classname="testcases.Recruitment_candidates_page" name="Select_can_Vacancy" time="0.0">
    <skipped/>
  </testcase> <!-- Select_can_Vacancy -->
  <testcase classname="testcases.Recruitment_candidates_page" name="select_date" time="0.0">
    <skipped/>
  </testcase> <!-- select_date -->
  <testcase classname="testcases.Recruitment_candidates_page" name="view_row" time="0.0">
    <skipped/>
  </testcase> <!-- view_row -->
  <testcase classname="testcases.Recruitment_candidates_page" name="verify_vacancyname" time="0.001">
    <skipped/>
  </testcase> <!-- verify_vacancyname -->
  <testcase classname="testcases.Recruitment_candidates_page" name="delete_Candidatescell" time="0.0">
    <skipped/>
  </testcase> <!-- delete_Candidatescell -->
</testsuite> <!--  candidates Test -->
